生成启动时间为 2018/2/25 11:40:54。
     1>项目“E:\IPCaster\IPCaster\IPCaster\IPCaster.vcxproj”在节点 2 上(Build 个目标)。
     1>ClCompile:
         C:\Program Files (x86)\Microsoft Visual Studio 14.0\VC\bin\x86_amd64\CL.exe /c /I../libzmq/include /I../DuiLib /I../bson /I../json /ZI /nologo /W3 /WX- /Od /D _DEBUG /D _WINDOWS /D _UNICODE /D UNICODE /Gm /EHsc /RTC1 /MDd /GS /fp:precise /Zc:wchar_t /Zc:forScope /Zc:inline /Yu"stdafx.h" /Fp"x64\Debug\IPCaster.pch" /Fo"x64\Debug\\" /Fd"x64\Debug\vc140.pdb" /Gd /TP /errorReport:prompt SpeakerWindow.cpp
         SpeakerWindow.cpp
     1>e:\ipcaster\ipcaster\ipcaster\statemanger.h(83): warning C4996: 'Json::StyledWriter': Use StreamWriterBuilder instead
         e:\ipcaster\ipcaster\json\writer.h(222): note: 参见“Json::StyledWriter”的声明
     1>e:\ipcaster\ipcaster\ipcaster\speakerwindow.cpp(44): warning C4267: “初始化”: 从“size_t”转换到“int”，可能丢失数据
     1>e:\ipcaster\ipcaster\ipcaster\speakerwindow.cpp(519): warning C4244: “参数”: 从“WPARAM”转换到“int”，可能丢失数据
     1>e:\ipcaster\ipcaster\ipcaster\speakerwindow.cpp(538): warning C4244: “参数”: 从“WPARAM”转换到“int”，可能丢失数据
       Link:
         C:\Program Files (x86)\Microsoft Visual Studio 14.0\VC\bin\x86_amd64\link.exe /ERRORREPORT:PROMPT /OUT:"E:\IPCaster\IPCaster\x64\Debug\IPCaster.exe" /INCREMENTAL /NOLOGO /LIBPATH:../libzmq/ /LIBPATH:../DuiLib /LIBPATH:../json kernel32.lib user32.lib gdi32.lib winspool.lib comdlg32.lib advapi32.lib shell32.lib ole32.lib oleaut32.lib uuid.lib odbc32.lib odbccp32.lib /MANIFEST /MANIFESTUAC:"level='asInvoker' uiAccess='false'" /manifest:embed /Debug /PDB:"E:\IPCaster\IPCaster\x64\Debug\IPCaster.pdb" /SUBSYSTEM:WINDOWS /TLBID:1 /DYNAMICBASE /NXCOMPAT /IMPLIB:"E:\IPCaster\IPCaster\x64\Debug\IPCaster.lib" /MACHINE:X64 x64\Debug\IPCaster.res
         x64\Debug\FindSpeakerLoop.obj
         x64\Debug\GroupBoxUI.obj
         x64\Debug\IPCaster.obj
         x64\Debug\ListenerWindow.obj
         x64\Debug\MessageMQ.obj
         x64\Debug\SpeakerWindow.obj
         x64\Debug\StateManger.obj
         x64\Debug\stdafx.obj
         x64\Debug\UIMenu.obj
         IPCaster.vcxproj -> E:\IPCaster\IPCaster\x64\Debug\IPCaster.exe
     1>已完成生成项目“E:\IPCaster\IPCaster\IPCaster\IPCaster.vcxproj”(Build 个目标)的操作。

已成功生成。

已用时间 00:00:01.24
