生成启动时间为 2018/2/25 11:44:44。
     1>项目“E:\IPCaster\IPCaster\IPCaster\IPCaster.vcxproj”在节点 2 上(Build 个目标)。
     1>ClCompile:
         C:\Program Files (x86)\Microsoft Visual Studio 14.0\VC\bin\x86_amd64\CL.exe /c /I../libzmq/include /I../DuiLib /I../bson /I../json /Zi /nologo /W3 /WX- /O2 /Oi /GL /D NDEBUG /D _WINDOWS /D _UNICODE /D UNICODE /Gm- /EHsc /MD /GS /Gy /fp:precise /Zc:wchar_t /Zc:forScope /Zc:inline /Yu"stdafx.h" /Fp"x64\Release\IPCaster.pch" /Fo"x64\Release\\" /Fd"x64\Release\vc140.pdb" /Gd /TP /errorReport:prompt SpeakerWindow.cpp
         SpeakerWindow.cpp
     1>e:\ipcaster\ipcaster\ipcaster\StateManger.h(83): warning C4996: 'Json::StyledWriter': Use StreamWriterBuilder instead
         e:\ipcaster\ipcaster\json\writer.h(222): note: 参见“Json::StyledWriter”的声明
     1>SpeakerWindow.cpp(44): warning C4267: “初始化”: 从“size_t”转换到“int”，可能丢失数据
     1>SpeakerWindow.cpp(519): warning C4244: “参数”: 从“WPARAM”转换到“int”，可能丢失数据
     1>SpeakerWindow.cpp(538): warning C4244: “参数”: 从“WPARAM”转换到“int”，可能丢失数据
       Link:
         C:\Program Files (x86)\Microsoft Visual Studio 14.0\VC\bin\x86_amd64\link.exe /ERRORREPORT:PROMPT /OUT:"E:\IPCaster\IPCaster\x64\Release\IPCaster.exe" /INCREMENTAL:NO /NOLOGO /LIBPATH:../libzmq/ /LIBPATH:../DuiLib /LIBPATH:../json kernel32.lib user32.lib gdi32.lib winspool.lib comdlg32.lib advapi32.lib shell32.lib ole32.lib oleaut32.lib uuid.lib odbc32.lib odbccp32.lib /MANIFEST /MANIFESTUAC:"level='asInvoker' uiAccess='false'" /manifest:embed /Debug /PDB:"E:\IPCaster\IPCaster\x64\Release\IPCaster.pdb" /SUBSYSTEM:WINDOWS /OPT:REF /OPT:ICF /LTCG:incremental /TLBID:1 /DYNAMICBASE /NXCOMPAT /IMPLIB:"E:\IPCaster\IPCaster\x64\Release\IPCaster.lib" /MACHINE:X64 x64\Release\IPCaster.res
         x64\Release\FindSpeakerLoop.obj
         x64\Release\GroupBoxUI.obj
         x64\Release\IPCaster.obj
         x64\Release\ListenerWindow.obj
         x64\Release\MessageMQ.obj
         x64\Release\SpeakerWindow.obj
         x64\Release\StateManger.obj
         x64\Release\stdafx.obj
         x64\Release\UIMenu.obj
         正在生成代码
         1 of 2093 functions ( 0.0%) were compiled, the rest were copied from previous compilation.
           0 functions were new in current compilation
           0 functions had inline decision re-evaluated but remain unchanged
         已完成代码的生成
     1>FindSpeakerLoop.obj : warning LNK4020: “e:\ipcaster\ipcaster\ipcaster\x64\release\vc140.pdb”中的类型记录已损坏；某些符号和类型可能无法从调试器中访问
     1>GroupBoxUI.obj : warning LNK4020: “e:\ipcaster\ipcaster\ipcaster\x64\release\vc140.pdb”中的类型记录已损坏；某些符号和类型可能无法从调试器中访问
     1>IPCaster.obj : warning LNK4020: “e:\ipcaster\ipcaster\ipcaster\x64\release\vc140.pdb”中的类型记录已损坏；某些符号和类型可能无法从调试器中访问
     1>ListenerWindow.obj : warning LNK4020: “e:\ipcaster\ipcaster\ipcaster\x64\release\vc140.pdb”中的类型记录已损坏；某些符号和类型可能无法从调试器中访问
     1>MessageMQ.obj : warning LNK4020: “e:\ipcaster\ipcaster\ipcaster\x64\release\vc140.pdb”中的类型记录已损坏；某些符号和类型可能无法从调试器中访问
     1>SpeakerWindow.obj : warning LNK4020: “e:\ipcaster\ipcaster\ipcaster\x64\release\vc140.pdb”中的类型记录已损坏；某些符号和类型可能无法从调试器中访问
     1>StateManger.obj : warning LNK4020: “e:\ipcaster\ipcaster\ipcaster\x64\release\vc140.pdb”中的类型记录已损坏；某些符号和类型可能无法从调试器中访问
     1>stdafx.obj : warning LNK4020: “e:\ipcaster\ipcaster\ipcaster\x64\release\vc140.pdb”中的类型记录已损坏；某些符号和类型可能无法从调试器中访问
     1>UIMenu.obj : warning LNK4020: “e:\ipcaster\ipcaster\ipcaster\x64\release\vc140.pdb”中的类型记录已损坏；某些符号和类型可能无法从调试器中访问
         IPCaster.vcxproj -> E:\IPCaster\IPCaster\x64\Release\IPCaster.exe
     1>已完成生成项目“E:\IPCaster\IPCaster\IPCaster\IPCaster.vcxproj”(Build 个目标)的操作。

已成功生成。

已用时间 00:00:02.31
